[debug] [2025-05-14T11:18:19.298Z] ----------------------------------------------------------------------
[debug] [2025-05-14T11:18:19.306Z] Command:       C:\Program Files\nodejs\node.exe C:\Users\Administrator\AppData\Roaming\npm\node_modules\firebase-tools\lib\bin\firebase.js init hosting
[debug] [2025-05-14T11:18:19.308Z] CLI Version:   14.3.1
[debug] [2025-05-14T11:18:19.308Z] Platform:      win32
[debug] [2025-05-14T11:18:19.308Z] Node Version:  v22.13.0
[debug] [2025-05-14T11:18:19.309Z] Time:          Wed May 14 2025 13:18:19 GMT+0200 (GMT+02:00)
[debug] [2025-05-14T11:18:19.310Z] ----------------------------------------------------------------------
[debug] 
[debug] [2025-05-14T11:18:19.334Z] > command requires scopes: ["email","openid","https://www.googleapis.com/auth/cloudplatformprojects.readonly","https://www.googleapis.com/auth/firebase","https://www.googleapis.com/auth/cloud-platform"]
[debug] [2025-05-14T11:18:19.336Z] > authorizing via signed-in user (nadaessam602@gmail.com)
[info] 
     ######## #### ########  ######## ########     ###     ######  ########
     ##        ##  ##     ## ##       ##     ##  ##   ##  ##       ##
     ######    ##  ########  ######   ########  #########  ######  ######
     ##        ##  ##    ##  ##       ##     ## ##     ##       ## ##
     ##       #### ##     ## ######## ########  ##     ##  ######  ########

You're about to initialize a Firebase project in this directory:

  C:\Users\Administrator\OneDrive - Faculty Of Women (Ain Shams University)\Desktop\DEPI\Technical\movie_app22

[info] 
=== Project Setup
[info] 
[info] First, let's associate this project directory with a Firebase project.
[info] You can create multiple project aliases by running firebase use --add, 
[info] but for now we'll just set up a default project.
[info] 
